<?xml version="1.0" encoding="UTF-8"?>
<!-- Generated by org.testng.reporters.JUnitReportReporter -->
<testsuite hostname="VivekanandYG" name="FirstPrg" tests="1" failures="0" timestamp="21 Feb 2016 16:16:18 GMT" time="28.736" errors="0">
  <testcase name="testUntitled" time="28.736" classname="FirstPrg"/>
</testsuite> <!-- FirstPrg -->
