<?xml version="1.0" encoding="UTF-8"?>
<!-- Generated by org.testng.reporters.JUnitReportReporter -->
<testsuite hostname="VivekanandYG" name="Explicitwait" tests="1" failures="0" timestamp="21 Feb 2016 16:27:39 GMT" time="162.563" errors="0">
  <testcase name="testUntitled" time="162.563" classname="Explicitwait"/>
</testsuite> <!-- Explicitwait -->
