<?xml version="1.0" encoding="UTF-8"?>
<!-- Generated by org.testng.reporters.JUnitReportReporter -->
<testsuite hostname="VivekanandYG" name="ExplicitWaitTwo" tests="1" failures="0" timestamp="21 Feb 2016 16:44:02 GMT" time="26.074" errors="0">
  <testcase name="test" time="26.074" classname="ExplicitWaitTwo"/>
</testsuite> <!-- ExplicitWaitTwo -->
